<?xml version="1.0" encoding="UTF-8"?>
<!-- Generated by org.testng.reporters.JUnitXMLReporter -->
<testsuite ignored="0" hostname="vivobook-asuslaptop-x512flc-x512fl" failures="0" tests="5" name="Default test" time="34.42" errors="0" timestamp="2024-02-13T14:40:04 IST">
  <testcase classname="com.test.section_component.public_sectioncomponent" name="public_lims" time="1.394"/>
  <testcase classname="com.test.section_component.public_sectioncomponent" name="Dataportal" time="0.212"/>
  <testcase classname="com.test.section_component.public_sectioncomponent" name="login" time="19.812"/>
  <testcase classname="com.test.section_component.public_sectioncomponent" name="Brain" time="5.578"/>
  <testcase classname="com.test.section_component.public_sectioncomponent" name="section_component" time="6.559"/>
</testsuite> <!-- Default test -->
