<?xml version="1.0" encoding="UTF-8"?>
<!-- Generated by org.testng.reporters.JUnitXMLReporter -->
<testsuite ignored="0" hostname="vivobook-asuslaptop-x512flc-x512fl" failures="0" tests="4" name="Default test" time="63.935" errors="0" timestamp="2024-02-21T15:57:25 IST">
  <testcase classname="com.test.section_component.CellAnnotation" name="login" time="9.689"/>
  <testcase classname="com.test.section_component.CellAnnotation" name="viewerPage" time="14.3"/>
  <testcase classname="com.test.section_component.CellAnnotation" name="cell_annotation" time="3.119"/>
  <testcase classname="com.test.section_component.CellAnnotation" name="section_component" time="34.713"/>
</testsuite> <!-- Default test -->
