<?xml version="1.0" encoding="UTF-8"?>
<testng-results ignored="0" total="4" passed="4" failed="0" skipped="0">
  <reporter-output>
  </reporter-output>
  <suite started-at="2024-02-21T14:59:19 IST" name="Default suite" finished-at="2024-02-21T15:00:37 IST" duration-ms="77712">
    <groups>
    </groups>
    <test started-at="2024-02-21T14:59:19 IST" name="Default test" finished-at="2024-02-21T15:00:37 IST" duration-ms="77712">
      <class name="com.test.section_component.AtlasEditor">
        <test-method is-config="true" signature="setup()[pri:0, instance:com.test.section_component.AtlasEditor@4efc180e]" started-at="2024-02-21T14:59:19 IST" name="setup" finished-at="2024-02-21T14:59:21 IST" duration-ms="1514" status="PASS">
          <reporter-output>
          </reporter-output>
        </test-method> <!-- setup -->
        <test-method signature="login()[pri:1, instance:com.test.section_component.AtlasEditor@4efc180e]" started-at="2024-02-21T14:59:21 IST" name="login" finished-at="2024-02-21T14:59:33 IST" duration-ms="12195" status="PASS">
          <reporter-output>
          </reporter-output>
        </test-method> <!-- login -->
        <test-method signature="viewerPage()[pri:2, instance:com.test.section_component.AtlasEditor@4efc180e]" started-at="2024-02-21T14:59:33 IST" name="viewerPage" finished-at="2024-02-21T14:59:53 IST" duration-ms="19839" status="PASS">
          <reporter-output>
          </reporter-output>
        </test-method> <!-- viewerPage -->
        <test-method signature="atlas()[pri:3, instance:com.test.section_component.AtlasEditor@4efc180e]" started-at="2024-02-21T14:59:53 IST" name="atlas" finished-at="2024-02-21T15:00:03 IST" duration-ms="10016" status="PASS">
          <reporter-output>
          </reporter-output>
        </test-method> <!-- atlas -->
        <test-method signature="section_component()[pri:4, instance:com.test.section_component.AtlasEditor@4efc180e]" started-at="2024-02-21T15:00:03 IST" name="section_component" finished-at="2024-02-21T15:00:36 IST" duration-ms="33114" status="PASS">
          <reporter-output>
          </reporter-output>
        </test-method> <!-- section_component -->
        <test-method is-config="true" signature="afterTest()[pri:0, instance:com.test.section_component.AtlasEditor@4efc180e]" started-at="2024-02-21T15:00:36 IST" name="afterTest" finished-at="2024-02-21T15:00:37 IST" duration-ms="992" status="PASS">
          <reporter-output>
          </reporter-output>
        </test-method> <!-- afterTest -->
      </class> <!-- com.test.section_component.AtlasEditor -->
    </test> <!-- Default test -->
  </suite> <!-- Default suite -->
</testng-results>
